<?xml version="1.0" encoding="UTF-8"?>
<robot generator="Robot 7.2.2 (Python 3.12.8 on darwin)" generated="2025-04-12T11:25:28.336421" rpa="false" schemaversion="5">
<suite id="s1" name="Len" source="/Users/timo/Desktop/tester oprogramowania/robot framework/test_3/len.robot">
<test id="s1-t1" name="String Length Test" line="5">
<kw name="Set Variable" owner="BuiltIn">
<msg time="2025-04-12T11:25:28.603387" level="INFO">${text} = Hello World!!!</msg>
<var>${text}</var>
<arg>Hello World!!!</arg>
<doc>Returns the given values which can then be assigned to a variables.</doc>
<status status="PASS" start="2025-04-12T11:25:28.591009" elapsed="0.030452"/>
</kw>
<kw name="Evaluate" owner="BuiltIn">
<msg time="2025-04-12T11:25:28.639604" level="INFO">${length} = 14</msg>
<var>${length}</var>
<arg>len("${text}")</arg>
<doc>Evaluates the given expression in Python and returns the result.</doc>
<status status="PASS" start="2025-04-12T11:25:28.634084" elapsed="0.040659"/>
</kw>
<kw name="Should Be Equal As Numbers" owner="BuiltIn">
<msg time="2025-04-12T11:25:28.688203" level="INFO">Argument types are:
&lt;class 'int'&gt;
&lt;class 'str'&gt;</msg>
<arg>${length}</arg>
<arg>14</arg>
<doc>Fails if objects are unequal after converting them to real numbers.</doc>
<status status="PASS" start="2025-04-12T11:25:28.685973" elapsed="0.003450"/>
</kw>
<doc>Testujemy długość tekstu</doc>
<status status="PASS" start="2025-04-12T11:25:28.571438" elapsed="0.130608"/>
</test>
<doc>Test sprawdzający długość tekstu</doc>
<status status="PASS" start="2025-04-12T11:25:28.358664" elapsed="0.361489"/>
</suite>
<statistics>
<total>
<stat pass="1" fail="0" skip="0">All Tests</stat>
</total>
<tag>
</tag>
<suite>
<stat name="Len" id="s1" pass="1" fail="0" skip="0">Len</stat>
</suite>
</statistics>
<errors>
</errors>
</robot>
