<?xml version="1.0" encoding="UTF-8"?>
<robot generator="Robot 7.2.2 (Python 3.12.8 on darwin)" generated="2025-04-13T13:51:10.825947" rpa="false" schemaversion="5">
<suite id="s1" name="DELETE" source="/Users/timo/Desktop/tester oprogramowania/robot framework/Testowanie API/Testowanie API 2.robot/DELETE.robot">
<test id="s1-t1" name="Usuwanie istniejacego posta (DELETE)" line="7">
<kw name="DELETE" owner="RequestsLibrary">
<msg time="2025-04-13T13:51:12.049046" level="INFO">DELETE Request : url=https://jsonplaceholder.typicode.com/posts/1 
 path_url=/posts/1 
 headers={'User-Agent': 'python-requests/2.32.3', 'Accept-Encoding': 'gzip, deflate', 'Accept': '*/*', 'Connection': 'keep-alive', 'Content-Length': '0'} 
 body=None 
 </msg>
<msg time="2025-04-13T13:51:12.053960" level="INFO">DELETE Response : url=https://jsonplaceholder.typicode.com/posts/1 
 status=200, reason=OK 
 headers={'Date': 'Sun, 13 Apr 2025 11:51:12 GMT', 'Content-Type': 'application/json; charset=utf-8', 'Content-Length': '2', 'Connection': 'keep-alive', 'Report-To': '{"group":"heroku-nel","max_age":3600,"endpoints":[{"url":"https://nel.heroku.com/reports?ts=1744545071&amp;sid=e11707d5-02a7-43ef-b45e-2cf4d2036f7d&amp;s=jFoSZJI%2F0lcEpphSvWwRaU3Pr7gdXmjlebnB2Ok8nos%3D"}]}', 'Reporting-Endpoints': 'heroku-nel=https://nel.heroku.com/reports?ts=1744545071&amp;sid=e11707d5-02a7-43ef-b45e-2cf4d2036f7d&amp;s=jFoSZJI%2F0lcEpphSvWwRaU3Pr7gdXmjlebnB2Ok8nos%3D', 'Nel': '{"report_to":"heroku-nel","max_age":3600,"success_fraction":0.005,"failure_fraction":0.05,"response_headers":["Via"]}', 'X-Powered-By': 'Express', 'X-Ratelimit-Limit': '1000', 'X-Ratelimit-Remaining': '999', 'X-Ratelimit-Reset': '1744545116', 'Vary': 'Origin, Accept-Encoding', 'Access-Control-Allow-Credentials': 'true', 'Cache-Control': 'no-cache', 'Pragma': 'no-cache', 'Expires': '-1', 'X-Content-Type-Options': 'nosniff', 'Etag': 'W/"2-vyGp6PvFo4RvsFtPoIWeCReyIC8"', 'Via': '1.1 vegur', 'cf-cache-status': 'DYNAMIC', 'Server': 'cloudflare', 'CF-RAY': '92fac009cd2c7272-HAM', 'alt-svc': 'h3=":443"; ma=86400', 'server-timing': 'cfL4;desc="?proto=TCP&amp;rtt=28831&amp;min_rtt=27689&amp;rtt_var=12668&amp;sent=5&amp;recv=6&amp;lost=0&amp;retrans=0&amp;sent_bytes=2840&amp;recv_bytes=807&amp;delivery_rate=109807&amp;cwnd=126&amp;unsent_bytes=0&amp;cid=51afa62695fcc04e&amp;ts=564&amp;x=0"'} 
 body={} 
 </msg>
<msg time="2025-04-13T13:51:12.054794" level="INFO">${response} = &lt;Response [200]&gt;</msg>
<var>${response}</var>
<arg>https://jsonplaceholder.typicode.com/posts/1</arg>
<doc>Sends a DELETE request.</doc>
<status status="PASS" start="2025-04-13T13:51:11.377900" elapsed="0.677284"/>
</kw>
<kw name="Should Be Equal As Integers" owner="BuiltIn">
<msg time="2025-04-13T13:51:12.061380" level="INFO">Argument types are:
&lt;class 'int'&gt;
&lt;class 'str'&gt;</msg>
<arg>${response.status_code}</arg>
<arg>200</arg>
<doc>Fails if objects are unequal after converting them to integers.</doc>
<status status="PASS" start="2025-04-13T13:51:12.057102" elapsed="0.005053"/>
</kw>
<kw name="Set Variable" owner="BuiltIn">
<msg time="2025-04-13T13:51:12.067632" level="INFO">${deleted} = {}</msg>
<var>${deleted}</var>
<arg>${response.json()}</arg>
<doc>Returns the given values which can then be assigned to a variables.</doc>
<status status="PASS" start="2025-04-13T13:51:12.064190" elapsed="0.004908"/>
</kw>
<doc>wysyla DELETE aby usunac post i sprawdzic odpowiedz</doc>
<status status="PASS" start="2025-04-13T13:51:11.369842" elapsed="0.700272"/>
</test>
<doc>Testowanie funkcji DELETE</doc>
<status status="PASS" start="2025-04-13T13:51:10.838162" elapsed="1.234445"/>
</suite>
<statistics>
<total>
<stat pass="1" fail="0" skip="0">All Tests</stat>
</total>
<tag>
</tag>
<suite>
<stat name="DELETE" id="s1" pass="1" fail="0" skip="0">DELETE</stat>
</suite>
</statistics>
<errors>
</errors>
</robot>
