<?xml version="1.0" encoding="UTF-8"?>
<robot generator="Robot 7.2.2 (Python 3.12.8 on darwin)" generated="2025-04-12T14:58:17.400951" rpa="false" schemaversion="5">
<suite id="s1" name="Python Integration" source="/Users/timo/Desktop/tester oprogramowania/robot framework/python_integration.robot">
<test id="s1-t1" name="Python inpile Sample" line="14">
<kw name="Evaluate" owner="BuiltIn">
<msg time="2025-04-12T14:58:17.458567" level="INFO">${LISTA} = [0, 1, 4, 9, 16]</msg>
<var>${LISTA}</var>
<arg>[x*x for x in range(5)]</arg>
<doc>Evaluates the given expression in Python and returns the result.</doc>
<status status="PASS" start="2025-04-12T14:58:17.457728" elapsed="0.008109"/>
</kw>
<kw name="Log" owner="BuiltIn">
<msg time="2025-04-12T14:58:17.469077" level="INFO">[0, 1, 4, 9, 16]</msg>
<arg>${LISTA}</arg>
<doc>Logs the given message with the given level.</doc>
<status status="PASS" start="2025-04-12T14:58:17.468258" elapsed="0.001111"/>
</kw>
<kw name="Evaluate" owner="BuiltIn">
<msg time="2025-04-12T14:58:17.470524" level="INFO">${DICT} = {'a': 1, 'b': 2, 'c': 3}</msg>
<var>${DICT}</var>
<arg>{"a" : 1, "b": 2, "c": 3}</arg>
<doc>Evaluates the given expression in Python and returns the result.</doc>
<status status="PASS" start="2025-04-12T14:58:17.469957" elapsed="0.000917"/>
</kw>
<kw name="Log" owner="BuiltIn">
<msg time="2025-04-12T14:58:17.473156" level="INFO">{'a': 1, 'b': 2, 'c': 3}</msg>
<arg>${DICT}</arg>
<doc>Logs the given message with the given level.</doc>
<status status="PASS" start="2025-04-12T14:58:17.472445" elapsed="0.001574"/>
</kw>
<kw name="Evaluate" owner="BuiltIn">
<msg time="2025-04-12T14:58:17.475410" level="INFO">${RANDOM_mod} = 3</msg>
<var>${RANDOM_mod}</var>
<arg>random.randint(1, 10)</arg>
<doc>Evaluates the given expression in Python and returns the result.</doc>
<status status="PASS" start="2025-04-12T14:58:17.474645" elapsed="0.003131"/>
</kw>
<status status="PASS" start="2025-04-12T14:58:17.456362" elapsed="0.022356"/>
</test>
<status status="PASS" start="2025-04-12T14:58:17.411187" elapsed="0.078843"/>
</suite>
<statistics>
<total>
<stat pass="1" fail="0" skip="0">All Tests</stat>
</total>
<tag>
</tag>
<suite>
<stat name="Python Integration" id="s1" pass="1" fail="0" skip="0">Python Integration</stat>
</suite>
</statistics>
<errors>
</errors>
</robot>
