<?xml version="1.0" encoding="UTF-8"?>
<robot generator="Robot 7.2.2 (Python 3.12.8 on darwin)" generated="2025-04-13T13:51:23.399546" rpa="false" schemaversion="5">
<suite id="s1" name="DELETE" source="/Users/timo/Desktop/tester oprogramowania/robot framework/Testowanie API/Testowanie API 2.robot/DELETE.robot">
<test id="s1-t1" name="Usuwanie istniejacego posta (DELETE)" line="7">
<kw name="DELETE" owner="RequestsLibrary">
<msg time="2025-04-13T13:51:26.251612" level="INFO">DELETE Request : url=https://jsonplaceholder.typicode.com/posts/1 
 path_url=/posts/1 
 headers={'User-Agent': 'python-requests/2.32.3', 'Accept-Encoding': 'gzip, deflate', 'Accept': '*/*', 'Connection': 'keep-alive', 'Content-Length': '0'} 
 body=None 
 </msg>
<msg time="2025-04-13T13:51:26.251913" level="INFO">DELETE Response : url=https://jsonplaceholder.typicode.com/posts/1 
 status=200, reason=OK 
 headers={'Date': 'Sun, 13 Apr 2025 11:51:26 GMT', 'Content-Type': 'application/json; charset=utf-8', 'Content-Length': '2', 'Connection': 'keep-alive', 'Report-To': '{"group":"heroku-nel","max_age":3600,"endpoints":[{"url":"https://nel.heroku.com/reports?ts=1744545086&amp;sid=e11707d5-02a7-43ef-b45e-2cf4d2036f7d&amp;s=HpVAHQlh4paEhZ1v8Kg4oB5RBSac40ueYLfRlhAdAD4%3D"}]}', 'Reporting-Endpoints': 'heroku-nel=https://nel.heroku.com/reports?ts=1744545086&amp;sid=e11707d5-02a7-43ef-b45e-2cf4d2036f7d&amp;s=HpVAHQlh4paEhZ1v8Kg4oB5RBSac40ueYLfRlhAdAD4%3D', 'Nel': '{"report_to":"heroku-nel","max_age":3600,"success_fraction":0.005,"failure_fraction":0.05,"response_headers":["Via"]}', 'X-Powered-By': 'Express', 'X-Ratelimit-Limit': '1000', 'X-Ratelimit-Remaining': '998', 'X-Ratelimit-Reset': '1744545116', 'Vary': 'Origin, Accept-Encoding', 'Access-Control-Allow-Credentials': 'true', 'Cache-Control': 'no-cache', 'Pragma': 'no-cache', 'Expires': '-1', 'X-Content-Type-Options': 'nosniff', 'Etag': 'W/"2-vyGp6PvFo4RvsFtPoIWeCReyIC8"', 'Via': '1.1 vegur', 'cf-cache-status': 'DYNAMIC', 'Server': 'cloudflare', 'CF-RAY': '92fac06378e262f2-HAM', 'alt-svc': 'h3=":443"; ma=86400', 'server-timing': 'cfL4;desc="?proto=TCP&amp;rtt=65093&amp;min_rtt=64000&amp;rtt_var=18968&amp;sent=10&amp;recv=7&amp;lost=0&amp;retrans=6&amp;sent_bytes=7169&amp;recv_bytes=807&amp;delivery_rate=39904&amp;cwnd=112&amp;unsent_bytes=0&amp;cid=90f759eae4649bb7&amp;ts=1468&amp;x=0"'} 
 body={} 
 </msg>
<msg time="2025-04-13T13:51:26.252232" level="INFO">${response} = &lt;Response [200]&gt;</msg>
<var>${response}</var>
<arg>https://jsonplaceholder.typicode.com/posts/1</arg>
<doc>Sends a DELETE request.</doc>
<status status="PASS" start="2025-04-13T13:51:23.613955" elapsed="2.638330"/>
</kw>
<kw name="Should Be Equal As Integers" owner="BuiltIn">
<msg time="2025-04-13T13:51:26.253903" level="INFO">Argument types are:
&lt;class 'int'&gt;
&lt;class 'str'&gt;</msg>
<arg>${response.status_code}</arg>
<arg>200</arg>
<doc>Fails if objects are unequal after converting them to integers.</doc>
<status status="PASS" start="2025-04-13T13:51:26.252959" elapsed="0.001131"/>
</kw>
<kw name="Set Variable" owner="BuiltIn">
<msg time="2025-04-13T13:51:26.256194" level="INFO">${deleted} = {}</msg>
<var>${deleted}</var>
<arg>${response.json()}</arg>
<doc>Returns the given values which can then be assigned to a variables.</doc>
<status status="PASS" start="2025-04-13T13:51:26.255059" elapsed="0.001198"/>
</kw>
<doc>wysyla DELETE aby usunac post i sprawdzic odpowiedz</doc>
<status status="PASS" start="2025-04-13T13:51:23.613016" elapsed="2.643616"/>
</test>
<doc>Testowanie funkcji DELETE</doc>
<status status="PASS" start="2025-04-13T13:51:23.401543" elapsed="2.855906"/>
</suite>
<statistics>
<total>
<stat pass="1" fail="0" skip="0">All Tests</stat>
</total>
<tag>
</tag>
<suite>
<stat name="DELETE" id="s1" pass="1" fail="0" skip="0">DELETE</stat>
</suite>
</statistics>
<errors>
</errors>
</robot>
