<?xml version="1.0" encoding="UTF-8"?>
<robot generator="Robot 7.2.2 (Python 3.12.8 on darwin)" generated="2025-04-12T11:11:19.319688" rpa="false" schemaversion="5">
<suite id="s1" name="First Test" source="/Users/timo/Desktop/tester oprogramowania/robot framework/test_2/first_test.robot">
<test id="s1-t1" name="Hello world test" line="5">
<kw name="Evaluate" owner="BuiltIn">
<msg time="2025-04-12T11:11:19.363289" level="INFO">${result} = 4</msg>
<var>${result}</var>
<arg>2+2</arg>
<doc>Evaluates the given expression in Python and returns the result.</doc>
<status status="PASS" start="2025-04-12T11:11:19.362929" elapsed="0.000410"/>
</kw>
<kw name="Should Be Equal As Integers" owner="BuiltIn">
<msg time="2025-04-12T11:11:19.364058" level="INFO">Argument types are:
&lt;class 'int'&gt;
&lt;class 'str'&gt;</msg>
<arg>${result}</arg>
<arg>4</arg>
<doc>Fails if objects are unequal after converting them to integers.</doc>
<status status="PASS" start="2025-04-12T11:11:19.363774" elapsed="0.000372"/>
</kw>
<doc>test sprawdza czy 2+§</doc>
<status status="PASS" start="2025-04-12T11:11:19.361929" elapsed="0.002514"/>
</test>
<doc>przykladowy pierwszy test w robotframework</doc>
<status status="PASS" start="2025-04-12T11:11:19.321832" elapsed="0.043045"/>
</suite>
<statistics>
<total>
<stat pass="1" fail="0" skip="0">All Tests</stat>
</total>
<tag>
</tag>
<suite>
<stat name="First Test" id="s1" pass="1" fail="0" skip="0">First Test</stat>
</suite>
</statistics>
<errors>
</errors>
</robot>
